
****************************************************************
****************************************************************
**                                                            **
**                                                            **
**        CCC     OO      SSS    M    M     OO      SSS       **
**       C       O  O    S       MM  MM    O  O    S          **
**       C       O  O     SS     M MM M    O  O     SS        **
**       C       O  O       S    M    M    O  O       S       **
**        CCC     OO     SSS     M    M     OO     SSS        **
**                                                            **
**                                                            **
**                   Simulations  V2022-PR1                   **
**                 Simulation Premium Package                 **
**           Distributed By: SOLIDWORKS Corporation           **
**               6320 Canoga Avenue, Suite 300                **
**               Woodland Hills, California 91367             **
**               Telephone Number (818)673-2200               **
**         Copyright 1988-2018 SOLIDWORKS Corporation         **
**                                                            **
****************************************************************
****************************************************************

Problem name: C:\Users\Duncan\Documents\GitHub\MECH-40
Date        : 07/23/2023     Time:   21:45:11


 SYSTEM OF UNITS:
 International System of Units, SI, is used for all input/output data.
 Common Quantities:
 Length:meter, Mass:kilogram, Time:second, Temperature:kelvin
 Force:newton, Pressure also stress:pascal, Energy:joule, Power:watt

 NUMBER OF PHYSICAL CORES USED TO RUN SIMULATION: 16

  C O N T R O L  I N F O R M A T I O N                  

   CURRENT RESTRAINT SET . . . . . . . . . . . (BC_SET)  =           1

   NUMBER OF LOAD CASES  . . . . . . . . . . . (NLCASE)  =           1
   SOLUTION MODE . . . . . . . . . . . . . . . (MODEX)   =           2
      EQ. 0, STATIC ANALYSIS                              
      EQ. 1, BUCKLING ANALYSIS                            
      EQ. 2, DYNAMIC ANALYSIS                             
      EQ. 3, DROP TEST                                    

   SOLVER TYPE . . . . . . . . . . . . . . . . .(ISOL)   =           5
      EQ. 0, DIRECT SPARSE SOLVER                         
      EQ. 1, DIRECT SKYLINE SOLVER                        
      EQ. 2, ITERATIVE SOLVER                             
      EQ. 3, EXPLICIT INTEGRATION                         
      EQ. 4, LARGE PROBLEM DIRECT SPARSE SOLVER           
      EQ. 5, INTEL DIRECT SPARSE SOLVER                   
      EQ. 6, INTEL NETWORK SPARSE SOLVER                  

   THERMAL LOADING FLAG . . . . . . . . . . . .(ITHERM)  =           1
      EQ. 0, NO THERMAL EFFECTS CONSIDERED                
      EQ. 1, ADD TEMPERATURE EFFECT                       
   GRAVITY LOADING FLAG . . . . . . . . . . . .(IGRAV)   =           0
      EQ. 0, NO GRAVITY LOADING CONSIDERED                
      EQ. 1, ADD GRAVITY LOADING EFFECT                   
   CENTRIFUGAL LOADING FLAG . . . . . . . . . .(ICNTRF)  =           0
      EQ. 0, NO CENTRIFUGAL LOADING CONSIDERED            
      EQ. 1, ADD CENTRIFUGAL LOADING EFFECT               
   IN-PLANE STIFFENING FLAG . . . . . . . . . .(INPLN)   =           1
      EQ. 0, NO IN-PLANE EFFECTS CONSIDERED               
      EQ. 1, IN-PLANE EFFECTS CONSIDERED                  
   SOFT SPRING ADDITION FLAG . . . . . . . . . (ISOFT)   =           1
      EQ. 0, NO SOFT SPRING OPTION                        
      EQ. 1, SOFT SPRING ADDED                            

   SAVE DECOMPOSED STIFFNESS MATRIX FLAG . . . (ISAVK)   =           0
      EQ. 0, DO NOT SAVE DECOMPOSED K                     
      EQ. 1, SAVE DECOMPOSED K                            
   FORM STIFFNESS MATRIX FLAG . . . . . . . . .(IFORMK)  =           0
      EQ. 0, FORM STIFFNESS MATRIX                        
      EQ. 1, USE EXISTING DECOMPOSED STIFFNESS MATRIX     

   SPIN SOFTENING FLAG . . . . . . . . . . . . (ISPIN)   =           0
      EQ. 0, NO SPIN SOFTENING EFFECTS CONSIDERED         
      EQ. 1, SPIN SOFTENING EFFECTS CONSIDERED            
   INERTIA RELIEF FLAG  . . . . . . . . . . . .(IFORMK)  =           0
      EQ. 0, NO INERITA RELIEF EFFECTS CONSIDERED         
      EQ. 1, INERITA RELIEF EFFECTS CONSIDERED            
   RIGID CONNECTIONS FLAG  . . . . . . . . . . (IRIGID)  =           0
      EQ. 0, HINGE CONNECTIONS BETWEEN SOLIDS & SHELLS    
      EQ. 1, RIGID CONNECTIONS BETWEEN SOLIDS & SHELLS    


  T O T A L  S Y S T E M  D A T A                        
   NUMBER OF EQUATIONS . . . . . . . . . . . . . .(NEQ)  =      774699
   MEAN HALF BANDWIDTH . . . . . . . . . . . . . .(MM )  =         244
   NUMBER OF ELEMENTS. . . . . . . . . . . . . . .(NUME) =      450380
   NUMBER OF NODAL POINTS. . . . . . . . . . . . .(NUMNP)=      261263

   ORIGINAL NO. OF MATRIX ELEMENTS . . . . . . . .(NWK)  =    33295446


  STATUS OF THERMAL EFFECTS FOR THIS LOAD CASE:
  ---------------------------------------------

    - User Prescribed Nodal Temperatures


1

    -------------------------------------------------------------------------
    |            M A S S   M O M E N T   I N F O R M A T I O N              |
    |-----------------------------------------------------------------------|
    |MASS    0.911974E+03   |VOLUME  0.427950E+00   |WEIGHT  0.000000E+00   |
    |-----------------------------------------------------------------------|
    | MASS MOMENT OF INERTIA W.R.T. C.G.                                    |
    |-----------------------------------------------------------------------|
    |IX      0.191648E+04   |IY      0.597475E+04   |IZ      0.778321E+04   |
    |-----------------------------------------------------------------------|
    | MASS PRODUCT OF INERTIA W.R.T. C.G.                                   |
    |-----------------------------------------------------------------------|
    |PXY    -0.683797E+00   |PXZ    -0.477217E-01   |PYZ    -0.200828E+02   |
    |-----------------------------------------------------------------------|
    | RADII OF GYRATION W.R.T. C.G.                                         |
    |-----------------------------------------------------------------------|
    |RX      0.144964E+01   |RY      0.255958E+01   |RZ      0.292138E+01   |
    |-----------------------------------------------------------------------|
    | CENTER OF GRAVITY                                                     |
    |-----------------------------------------------------------------------|
    |CGx     0.825227E-03   |CGy     0.473389E+00   |CGz     0.495981E-01   |
    |-----------------------------------------------------------------------|
    | PRINCIPAL MASS MOMENT OF INERTIA                                      |
    |-----------------------------------------------------------------------|
    |P1      0.778344E+04   |P2      0.597453E+04   |P3      0.191648E+04   |
    |-----------------------------------------------------------------------|
    | PRINCIPAL RADII OF GYRATION                                           |
    |-----------------------------------------------------------------------|
    |R1      0.292142E+01   |R2      0.255953E+01   |R3      0.144964E+01   |
    |-----------------------------------------------------------------------|
    | PRINCIPAL AXES (DIRECTION COSINES IN ROWS W.R.T C.G)                  |
    |-----------------------------------------------------------------------|
    |N_11    0.506102E-02   |N_12   -0.111008E-01   |N_13   -0.999926E+00   |
    |-----------------------------------------------------------------------|
    |N_21    0.178660E-02   |N_22    0.999937E+00   |N_23   -0.111029E-01   |
    |-----------------------------------------------------------------------|
    |N_31    0.999986E+00   |N_32   -0.173028E-02   |N_33    0.508053E-02   |
    -------------------------------------------------------------------------



   S O L U T I O N   P A R A M E T E R S
    MAX. NO. OF EIGENVALUES CALCULATED . . . (NFR)=        48
    MASS TYPE: 1-LUMPED,2-CONSISTENT. . . . (MASS)=         1
    MODE SHAPE PRINT FLAG. . . . . . . . . (MPRNT)=         0
    INTERMEDIATE SOLUTION PRINT FLAG . . . .(IFPR)=         0
    STURM SEQUENCE CHECK FLAG. . . . . . . .(IFSS)=         0
    MAXIMUM NUMBER OF ITERATIONS . . . . . (ITMAX)=      1000
    FREQUENCY SHIFT FLAG . . . . . . . . . (IFRSH)=         2
    USER DEFINED FREQUENCY SHIFT . . . . . .(FRSH)=-0.2273957E+05
    CONVERGENCE TOLERANCE. . . . . . . . . .(RTOL)= 0.1000000E-04
    COMPOSITE MODAL DAMPING CALC. FLAG . . .(IMDC)=         0
    MODAL ACCELERATION FLAG. . . . . . . . .(IMAM)=         0

    APPLIED FREQUENCY SHIFT. . . . . . . . .(FRSH)=-0.2273957E+05





   S U B S P A C E   I T E R A T I O N


     ITERATION  NUMBER     1

     ITERATION  NUMBER     2

     ITERATION  NUMBER     3

     ITERATION  NUMBER     4

     ITERATION  NUMBER     5

     ITERATION  NUMBER     6

     ITERATION  NUMBER     7

     ITERATION  NUMBER     8

     ITERATION  NUMBER     9

     ITERATION  NUMBER    10

     ITERATION  NUMBER    11

     ITERATION  NUMBER    12

     ITERATION  NUMBER    13

     ITERATION  NUMBER    14

     ITERATION  NUMBER    15

     ITERATION  NUMBER    16

     ITERATION  NUMBER    17

     ITERATION  NUMBER    18

     ITERATION  NUMBER    19

     ITERATION  NUMBER    20

     ITERATION  NUMBER    21

     ITERATION  NUMBER    22

     ITERATION  NUMBER    23

     ITERATION  NUMBER    24

     ITERATION  NUMBER    25

     ITERATION  NUMBER    26

     ITERATION  NUMBER    27

     ITERATION  NUMBER    28




 CONVERGENCE REACHED FOR RTOL 0.1000E-04


  F R E Q U E N C Y   A N A L Y S I S  
                 by 
  S U B S P A C E   A L G O R I T H M


     FREQUENCY       FREQUENCY       FREQUENCY       PERIOD
      NUMBER         (RAD/SEC)      (CYCLES/SEC)    (SECONDS)

         1        0.5067625E+02    0.8065375E+01  0.1239868E+00
         2        0.5600061E+02    0.8912773E+01  0.1121985E+00
         3        0.9188105E+02    0.1462332E+02  0.6838391E-01
         4        0.9199914E+02    0.1464212E+02  0.6829613E-01
         5        0.1145316E+03    0.1822826E+02  0.5485986E-01
         6        0.1166702E+03    0.1856864E+02  0.5385424E-01
         7        0.1167923E+03    0.1858808E+02  0.5379793E-01
         8        0.1190873E+03    0.1895333E+02  0.5276119E-01
         9        0.1195113E+03    0.1902082E+02  0.5257398E-01
        10        0.1197597E+03    0.1906035E+02  0.5246492E-01
        11        0.1200296E+03    0.1910331E+02  0.5234696E-01
        12        0.1206284E+03    0.1919860E+02  0.5208714E-01
        13        0.1269390E+03    0.2020297E+02  0.4949767E-01
        14        0.1414369E+03    0.2251038E+02  0.4442395E-01
        15        0.1415696E+03    0.2253151E+02  0.4438230E-01
        16        0.1465194E+03    0.2331928E+02  0.4288297E-01
        17        0.1468389E+03    0.2337014E+02  0.4278965E-01
        18        0.1473912E+03    0.2345804E+02  0.4262931E-01
        19        0.1487785E+03    0.2367883E+02  0.4223181E-01
        20        0.1529113E+03    0.2433659E+02  0.4109039E-01
        21        0.1708489E+03    0.2719144E+02  0.3677627E-01
        22        0.1717448E+03    0.2733404E+02  0.3658442E-01
        23        0.1846533E+03    0.2938849E+02  0.3402693E-01
        24        0.1849029E+03    0.2942821E+02  0.3398099E-01
        25        0.2199515E+03    0.3500638E+02  0.2856623E-01
        26        0.2292208E+03    0.3648162E+02  0.2741107E-01
        27        0.2293301E+03    0.3649902E+02  0.2739800E-01
        28        0.2293923E+03    0.3650892E+02  0.2739057E-01
        29        0.2299856E+03    0.3660334E+02  0.2731991E-01
        30        0.2309076E+03    0.3675009E+02  0.2721082E-01
        31        0.2309097E+03    0.3675042E+02  0.2721057E-01
        32        0.2319717E+03    0.3691945E+02  0.2708600E-01
        33        0.2321090E+03    0.3694129E+02  0.2706998E-01
        34        0.2435638E+03    0.3876439E+02  0.2579687E-01
        35        0.2500310E+03    0.3979366E+02  0.2512963E-01
        36        0.2957475E+03    0.4706968E+02  0.2124510E-01
        37        0.3338475E+03    0.5313347E+02  0.1882053E-01
        38        0.3617430E+03    0.5757319E+02  0.1736920E-01
        39        0.3667462E+03    0.5836946E+02  0.1713225E-01
        40        0.3722666E+03    0.5924806E+02  0.1687819E-01
        41        0.3816920E+03    0.6074817E+02  0.1646140E-01
        42        0.3882456E+03    0.6179120E+02  0.1618353E-01
        43        0.4269295E+03    0.6794793E+02  0.1471715E-01
        44        0.4340974E+03    0.6908875E+02  0.1447414E-01
        45        0.4568301E+03    0.7270677E+02  0.1375388E-01
        46        0.4574747E+03    0.7280936E+02  0.1373450E-01
        47        0.4582727E+03    0.7293636E+02  0.1371058E-01
        48        0.4601646E+03    0.7323747E+02  0.1365421E-01


        ************************************************************
        *      M O D A L   B A S E   P A R T I C I P A T I O N     *
        ************************************************************

 MODE          PARTICIPATION FACTORS                     MODAL MASSES
  No.      x-dir       y-dir       z_dir          Mx        My        Mz

    1   0.15520     -.29869      11.563       .24088E-01 .89216E-01 133.71    
    2    11.071     -.24667E-02 -.16349       122.56     .60845E-05 .26729E-01
    3   -.21557     -1.6794     -.56526E-01   .46469E-01 2.8203     .31952E-02
    4   -.52771E-01  9.5603     0.21018       .27848E-02 91.400     .44175E-01
    5   0.49000E-01  4.7573     0.37304       .24010E-02 22.632     .13916    
    6   0.73780     -.14682     -.22177       .54435     .21555E-01 .49183E-01
    7   0.26213E-02  1.2994     0.41710       .68713E-05 1.6883     .17397    
    8   -.48020E-01 -2.1199      6.1168       .23060E-02 4.4938     37.416    
    9   -.20441     -1.8223     -.41809E-01   .41785E-01 3.3208     .17480E-02
   10   0.18794     -1.7854      1.2888       .35320E-01 3.1876     1.6609    
   11   0.14166E-01 -.68727     -3.4112       .20067E-03 .47235     11.636    
   12   0.68900E-01 -1.3462     -1.4868       .47472E-02 1.8122     2.2105    
   13   -.59002E-01 -2.1277     -5.2496       .34812E-02 4.5272     27.558    
   14   -.40946E-01 -.31616E-01 0.12697       .16766E-02 .99959E-03 .16121E-01
   15   -.41510     -.38970E-01 -.37671E-01   .17230     .15187E-02 .14191E-02
   16    8.7401     -.37035     -.12117       76.389     .13716     .14682E-01
   17   -.28245     0.86337E-01 0.31121       .79781E-01 .74541E-02 .96850E-01
   18    4.4908     0.47600     0.33699       20.167     .22657     .11356    
   19    2.6215     0.38705     0.23104       6.8721     .14981     .53377E-01
   20   0.53079     -.96917E-01 -.56423E-01   .28174     .93930E-02 .31836E-02
   21   -.18848E-01 -.42732      6.1423       .35523E-03 .18260     37.727    
   22   -.17492     -.28017      5.4093       .30596E-01 .78494E-01 29.260    
   23   -.13593     -1.6516     -.10690       .18476E-01 2.7277     .11427E-01
   24   -.72044E-01  5.6217     0.53907       .51904E-02 31.603     .29060    
   25   -.15219     -.47427E-01 0.11574       .23161E-01 .22493E-02 .13396E-01
   26   -.44097E-02  4.3006     0.23197       .19445E-04 18.495     .53812E-01
   27   -.44981E-02 -4.3366     0.21989       .20233E-04 18.806     .48353E-01
   28   -.36856E-02 -4.2619     -.37803       .13584E-04 18.163     .14291    
   29   -.57190E-02  4.2815     -.42022       .32707E-04 18.331     .17659    
   30   0.99771E-03 0.22837     -4.2833       .99543E-06 .52151E-01 18.346    
   31   0.34880E-03 -.21900     -4.3012       .12166E-06 .47959E-01 18.500    
   32   -.84317E-03 0.36845     -4.2720       .71093E-06 .13575     18.250    
   33   -.36758E-03 -.41413     -4.2633       .13512E-06 .17151     18.176    
   34   0.37664E-01 -13.389     -.30557       .14186E-02 179.26     .93372E-01
   35   0.65090E-01 -.53516      7.5402       .42367E-02 .28640     56.855    
   36   -5.1242     -.14617     0.53637E-01   26.258     .21365E-01 .28769E-02
   37   0.44138E-01 -.28636      2.1563       .19481E-02 .82004E-01 4.6498    
   38   -3.3767     0.67754E-01 0.15255E-01   11.402     .45906E-02 .23271E-03
   39   -.24301     0.43755     0.73072       .59052E-01 .19145     .53394    
   40    6.3057     -.38261E-01 0.50020E-01   39.761     .14639E-02 .25020E-02
   41   -.27189     -1.7934     0.30382E-02   .73921E-01 3.2164     .92309E-05
   42   0.29865     0.35849E-02 0.26514E-01   .89193E-01 .12851E-04 .70300E-03
   43   -.11289     -.38384E-01 -.43577E-01   .12745E-01 .14733E-02 .18989E-02
   44   0.14698E-01 -.33316      3.0641       .21604E-03 .11100     9.3886    
   45   0.82441     -.61455     -.13661       .67965     .37767     .18663E-01
   46   0.32516E-01 0.41496     0.38969E-01   .10573E-02 .17219     .15186E-02
   47   -.49731     -.78645     -.16553       .24732     .61851     .27400E-01
   48   -.30092     0.47756     0.12591       .90550E-01 .22806     .15852E-01
                                              __________ __________ __________

                      TOTAL EFFECTIVE MASS  = 306.00     430.37     427.51    


                                                          *
               INDIVIDUAL MODAL MASS            CUMULATIVE  EFFECTIVE MASS
               ---------------------            --------------------------
                    TOTAL MASS                         TOTAL MASS        

 MODE        Mx          My         Mz         Cum. Mx    Cum. My    Cum. Mz
  No.       ----        ----       ----        -------    -------    -------
            MASS        MASS       MASS          MASS       MASS       MASS

    1      0.264E-04   0.978E-04   0.147        0.264E-04  0.978E-04  0.147    
    2      0.134       0.667E-08   0.293E-04    0.134      0.978E-04  0.147    
    3      0.510E-04   0.309E-02   0.350E-05    0.134      0.319E-02  0.147    
    4      0.305E-05   0.100       0.484E-04    0.134      0.103      0.147    
    5      0.263E-05   0.248E-01   0.153E-03    0.134      0.128      0.147    
    6      0.597E-03   0.236E-04   0.539E-04    0.135      0.128      0.147    
    7      0.753E-08   0.185E-02   0.191E-03    0.135      0.130      0.147    
    8      0.253E-05   0.493E-02   0.410E-01    0.135      0.135      0.188    
    9      0.458E-04   0.364E-02   0.192E-05    0.135      0.139      0.188    
   10      0.387E-04   0.350E-02   0.182E-02    0.135      0.142      0.190    
   11      0.220E-06   0.518E-03   0.128E-01    0.135      0.143      0.203    
   12      0.521E-05   0.199E-02   0.242E-02    0.135      0.145      0.205    
   13      0.382E-05   0.496E-02   0.302E-01    0.135      0.150      0.235    
   14      0.184E-05   0.110E-05   0.177E-04    0.135      0.150      0.235    
   15      0.189E-03   0.167E-05   0.156E-05    0.135      0.150      0.235    
   16      0.838E-01   0.150E-03   0.161E-04    0.219      0.150      0.235    
   17      0.875E-04   0.817E-05   0.106E-03    0.219      0.150      0.235    
   18      0.221E-01   0.248E-03   0.125E-03    0.241      0.150      0.236    
   19      0.754E-02   0.164E-03   0.585E-04    0.249      0.150      0.236    
   20      0.309E-03   0.103E-04   0.349E-05    0.249      0.150      0.236    
   21      0.390E-06   0.200E-03   0.414E-01    0.249      0.150      0.277    
   22      0.335E-04   0.861E-04   0.321E-01    0.249      0.151      0.309    
   23      0.203E-04   0.299E-02   0.125E-04    0.249      0.153      0.309    
   24      0.569E-05   0.347E-01   0.319E-03    0.249      0.188      0.309    
   25      0.254E-04   0.247E-05   0.147E-04    0.249      0.188      0.309    
   26      0.213E-07   0.203E-01   0.590E-04    0.249      0.208      0.310    
   27      0.222E-07   0.206E-01   0.530E-04    0.249      0.229      0.310    
   28      0.149E-07   0.199E-01   0.157E-03    0.249      0.249      0.310    
   29      0.359E-07   0.201E-01   0.194E-03    0.249      0.269      0.310    
   30      0.109E-08   0.572E-04   0.201E-01    0.249      0.269      0.330    
   31      0.133E-09   0.526E-04   0.203E-01    0.249      0.269      0.350    
   32      0.780E-09   0.149E-03   0.200E-01    0.249      0.269      0.370    
   33      0.148E-09   0.188E-03   0.199E-01    0.249      0.270      0.390    
   34      0.156E-05   0.197       0.102E-03    0.249      0.466      0.390    
   35      0.465E-05   0.314E-03   0.623E-01    0.249      0.466      0.453    
   36      0.288E-01   0.234E-04   0.315E-05    0.278      0.466      0.453    
   37      0.214E-05   0.899E-04   0.510E-02    0.278      0.467      0.458    
   38      0.125E-01   0.503E-05   0.255E-06    0.291      0.467      0.458    
   39      0.648E-04   0.210E-03   0.585E-03    0.291      0.467      0.458    
   40      0.436E-01   0.161E-05   0.274E-05    0.334      0.467      0.458    
   41      0.811E-04   0.353E-02   0.101E-07    0.334      0.470      0.458    
   42      0.978E-04   0.141E-07   0.771E-06    0.334      0.470      0.458    
   43      0.140E-04   0.162E-05   0.208E-05    0.334      0.470      0.458    
   44      0.237E-06   0.122E-03   0.103E-01    0.334      0.470      0.469    
   45      0.745E-03   0.414E-03   0.205E-04    0.335      0.471      0.469    
   46      0.116E-05   0.189E-03   0.167E-05    0.335      0.471      0.469    
   47      0.271E-03   0.678E-03   0.300E-04    0.335      0.472      0.469    
   48      0.993E-04   0.250E-03   0.174E-04    0.336      0.472      0.469    

                    TOTAL EFFECTIVE MASS
                    --------------------  =     0.336      0.472      0.469
                         TOTAL MASS       


 Note: Cumulative value at each mode is the sum of the values
       up to and including that mode
 _____________________________________________________________________________




   S O L U T I O N   T I M E	 L O G  (sec)
     INPUT PHASE . . . . . . . . . . . . . . . . . .       124
     ASSEMBLAGE OF THE STIFFNESS MATRIX  . . . . . .         9
     ASSEMBLAGE OF THE MASS MATRIX . . . . . . . . .        22
     DECOMPOSITION OF THE STIFFNESS MATRIX . . . . .        14
     EIGENVALUE SOLUTION . . . . . . . . . . . . . .       208
     OUTPUT PHASE  . . . . . . . . . . . . . . . . .        64
     TOTAL SOLUTION TIME . . . . . . . . . . . . . .       441
